<?xml version="1.0" encoding="UTF-8"?>
<!-- Generated by org.testng.reporters.JUnitReportReporter -->
<testsuite hostname="Marshan" failures="0" tests="1" name="scenarios.DashboardTest" time="0.711" errors="0" timestamp="1 Feb 2023 16:53:55 GMT">
  <testcase classname="scenarios.DashboardTest" name="verifyDashboard" time="0.711"/>
</testsuite> <!-- scenarios.DashboardTest -->
